# JRE version: Java(TM) SE Runtime Environment (8.0_301-b09) (build 1.8.0_301-b09)
# Java VM: Java HotSpot(TM) 64-Bit Server VM (25.301-b09 mixed mode bsd-amd64 compressed oops)
Heap:
 PSYoungGen      total 38400K, used 37620K [0x0000000795580000, 0x0000000798000000, 0x00000007c0000000)
  eden space 33280K, 97% used [0x0000000795580000,0x0000000797543930,0x0000000797600000)
  from space 5120K, 99% used [0x0000000797600000,0x0000000797af9750,0x0000000797b00000)
  to   space 5120K, 0% used [0x0000000797b00000,0x0000000797b00000,0x0000000798000000)
 ParOldGen       total 55296K, used 12222K [0x0000000740000000, 0x0000000743600000, 0x0000000795580000)
  object space 55296K, 22% used [0x0000000740000000,0x0000000740befa70,0x0000000743600000)
 Metaspace       used 34128K, capacity 35126K, committed 35416K, reserved 1079296K
  class space    used 4459K, capacity 4750K, committed 4864K, reserved 1048576K
GC Heap History (8 events):
Event: 1.532 GC heap before
{Heap before GC invocations=1 (full 0):
 PSYoungGen      total 38400K, used 33280K [0x0000000795580000, 0x0000000798000000, 0x00000007c0000000)
  eden space 33280K, 100% used [0x0000000795580000,0x0000000797600000,0x0000000797600000)
  from space 5120K, 0% used [0x0000000797b00000,0x0000000797b00000,0x0000000798000000)
  to   space 5120K, 0% used [0x0000000797600000,0x0000000797600000,0x0000000797b00000)
 ParOldGen       total 87552K, used 0K [0x0000000740000000, 0x0000000745580000, 0x0000000795580000)
  object space 87552K, 0% used [0x0000000740000000,0x0000000740000000,0x0000000745580000)
 Metaspace       used 14174K, capacity 14632K, committed 14976K, reserved 1062912K
  class space    used 1682K, capacity 1839K, committed 1920K, reserved 1048576K
Event: 1.547 GC heap after
Heap after GC invocations=1 (full 0):
 PSYoungGen      total 38400K, used 5094K [0x0000000795580000, 0x0000000798000000, 0x00000007c0000000)
  eden space 33280K, 0% used [0x0000000795580000,0x0000000795580000,0x0000000797600000)
  from space 5120K, 99% used [0x0000000797600000,0x0000000797af98c0,0x0000000797b00000)
  to   space 5120K, 0% used [0x0000000797b00000,0x0000000797b00000,0x0000000798000000)
 ParOldGen       total 87552K, used 1831K [0x0000000740000000, 0x0000000745580000, 0x0000000795580000)
  object space 87552K, 2% used [0x0000000740000000,0x00000007401c9e90,0x0000000745580000)
 Metaspace       used 14174K, capacity 14632K, committed 14976K, reserved 1062912K
  class space    used 1682K, capacity 1839K, committed 1920K, reserved 1048576K
}
Event: 11.330 GC heap before
{Heap before GC invocations=2 (full 0):
 PSYoungGen      total 38400K, used 29506K [0x0000000795580000, 0x0000000798000000, 0x00000007c0000000)
  eden space 33280K, 73% used [0x0000000795580000,0x0000000796d57128,0x0000000797600000)
  from space 5120K, 99% used [0x0000000797600000,0x0000000797af98c0,0x0000000797b00000)
  to   space 5120K, 0% used [0x0000000797b00000,0x0000000797b00000,0x0000000798000000)
 ParOldGen       total 87552K, used 1831K [0x0000000740000000, 0x0000000745580000, 0x0000000795580000)
  object space 87552K, 2% used [0x0000000740000000,0x00000007401c9e90,0x0000000745580000)
 Metaspace       used 20409K, capacity 21188K, committed 21248K, reserved 1067008K
  class space    used 2763K, capacity 3015K, committed 3072K, reserved 1048576K
Event: 11.354 GC heap after
Heap after GC invocations=2 (full 0):
 PSYoungGen      total 38400K, used 5088K [0x0000000795580000, 0x0000000798000000, 0x00000007c0000000)
  eden space 33280K, 0% used [0x0000000795580000,0x0000000795580000,0x0000000797600000)
  from space 5120K, 99% used [0x0000000797b00000,0x0000000797ff8070,0x0000000798000000)
  to   space 5120K, 0% used [0x0000000797600000,0x0000000797600000,0x0000000797b00000)
 ParOldGen       total 87552K, used 10691K [0x0000000740000000, 0x0000000745580000, 0x0000000795580000)
  object space 87552K, 12% used [0x0000000740000000,0x0000000740a70fc8,0x0000000745580000)
 Metaspace       used 20409K, capacity 21188K, committed 21248K, reserved 1067008K
  class space    used 2763K, capacity 3015K, committed 3072K, reserved 1048576K
}
Event: 11.354 GC heap before
{Heap before GC invocations=3 (full 1):
 PSYoungGen      total 38400K, used 5088K [0x0000000795580000, 0x0000000798000000, 0x00000007c0000000)
  eden space 33280K, 0% used [0x0000000795580000,0x0000000795580000,0x0000000797600000)
  from space 5120K, 99% used [0x0000000797b00000,0x0000000797ff8070,0x0000000798000000)
  to   space 5120K, 0% used [0x0000000797600000,0x0000000797600000,0x0000000797b00000)
 ParOldGen       total 87552K, used 10691K [0x0000000740000000, 0x0000000745580000, 0x0000000795580000)
  object space 87552K, 12% used [0x0000000740000000,0x0000000740a70fc8,0x0000000745580000)
 Metaspace       used 20409K, capacity 21188K, committed 21248K, reserved 1067008K
  class space    used 2763K, capacity 3015K, committed 3072K, reserved 1048576K
Event: 11.373 GC heap after
Heap after GC invocations=3 (full 1):
 PSYoungGen      total 38400K, used 0K [0x0000000795580000, 0x0000000798000000, 0x00000007c0000000)
  eden space 33280K, 0% used [0x0000000795580000,0x0000000795580000,0x0000000797600000)
  from space 5120K, 0% used [0x0000000797b00000,0x0000000797b00000,0x0000000798000000)
  to   space 5120K, 0% used [0x0000000797600000,0x0000000797600000,0x0000000797b00000)
 ParOldGen       total 55296K, used 10919K [0x0000000740000000, 0x0000000743600000, 0x0000000795580000)
  object space 55296K, 19% used [0x0000000740000000,0x0000000740aa9d90,0x0000000743600000)
 Metaspace       used 20409K, capacity 21188K, committed 21248K, reserved 1067008K
  class space    used 2763K, capacity 3015K, committed 3072K, reserved 1048576K
}
Event: 29.215 GC heap before
{Heap before GC invocations=4 (full 1):
 PSYoungGen      total 38400K, used 33280K [0x0000000795580000, 0x0000000798000000, 0x00000007c0000000)
  eden space 33280K, 100% used [0x0000000795580000,0x0000000797600000,0x0000000797600000)
  from space 5120K, 0% used [0x0000000797b00000,0x0000000797b00000,0x0000000798000000)
  to   space 5120K, 0% used [0x0000000797600000,0x0000000797600000,0x0000000797b00000)
 ParOldGen       total 55296K, used 10919K [0x0000000740000000, 0x0000000743600000, 0x0000000795580000)
  object space 55296K, 19% used [0x0000000740000000,0x0000000740aa9d90,0x0000000743600000)
 Metaspace       used 26370K, capacity 27346K, committed 27648K, reserved 1073152K
  class space    used 3492K, capacity 3772K, committed 3840K, reserved 1048576K
Event: 29.221 GC heap after
Heap after GC invocations=4 (full 1):
 PSYoungGen      total 38400K, used 5093K [0x0000000795580000, 0x0000000798000000, 0x00000007c0000000)
  eden space 33280K, 0% used [0x0000000795580000,0x0000000795580000,0x0000000797600000)
  from space 5120K, 99% used [0x0000000797600000,0x0000000797af9750,0x0000000797b00000)
  to   space 5120K, 0% used [0x0000000797b00000,0x0000000797b00000,0x0000000798000000)
 ParOldGen       total 55296K, used 12222K [0x0000000740000000, 0x0000000743600000, 0x0000000795580000)
  object space 55296K, 22% used [0x0000000740000000,0x0000000740befa70,0x0000000743600000)
 Metaspace       used 26370K, capacity 27346K, committed 27648K, reserved 1073152K
  class space    used 3492K, capacity 3772K, committed 3840K, reserved 1048576K
}

